Analysis & Synthesis report for part2
Fri Jun  8 22:53:47 2018
Quartus Prime Version 17.0.0 Build 595 04/25/2017 SJ Lite Edition


---------------------
; Table of Contents ;
---------------------
  1. Legal Notice
  2. Analysis & Synthesis Summary
  3. Analysis & Synthesis Settings
  4. Parallel Compilation
  5. Analysis & Synthesis Source Files Read
  6. Analysis & Synthesis Resource Usage Summary
  7. Analysis & Synthesis Resource Utilization by Entity
  8. Analysis & Synthesis DSP Block Usage Summary
  9. General Register Statistics
 10. Port Connectivity Checks: "hexdisplay:h3"
 11. Port Connectivity Checks: "hexdisplay:h2"
 12. Port Connectivity Checks: "hexdisplay:h1"
 13. Port Connectivity Checks: "ALU7to1:a1|rippleadder:a2"
 14. Port Connectivity Checks: "ALU7to1:a1|rippleadder:a1"
 15. Post-Synthesis Netlist Statistics for Top Partition
 16. Elapsed Time Per Partition
 17. Analysis & Synthesis Messages



----------------
; Legal Notice ;
----------------
Copyright (C) 2017  Intel Corporation. All rights reserved.
Your use of Intel Corporation's design tools, logic functions 
and other software and tools, and its AMPP partner logic 
functions, and any output files from any of the foregoing 
(including device programming or simulation files), and any 
associated documentation or information are expressly subject 
to the terms and conditions of the Intel Program License 
Subscription Agreement, the Intel Quartus Prime License Agreement,
the Intel MegaCore Function License Agreement, or other 
applicable license agreement, including, without limitation, 
that your use is for the sole purpose of programming logic 
devices manufactured by Intel and sold by Intel or its 
authorized distributors.  Please refer to the applicable 
agreement for further details.



+-------------------------------------------------------------------------------+
; Analysis & Synthesis Summary                                                  ;
+---------------------------------+---------------------------------------------+
; Analysis & Synthesis Status     ; Successful - Fri Jun  8 22:53:47 2018       ;
; Quartus Prime Version           ; 17.0.0 Build 595 04/25/2017 SJ Lite Edition ;
; Revision Name                   ; part2                                       ;
; Top-level Entity Name           ; part2                                       ;
; Family                          ; Cyclone V                                   ;
; Logic utilization (in ALMs)     ; N/A                                         ;
; Total registers                 ; 8                                           ;
; Total pins                      ; 64                                          ;
; Total virtual pins              ; 0                                           ;
; Total block memory bits         ; 0                                           ;
; Total DSP Blocks                ; 1                                           ;
; Total HSSI RX PCSs              ; 0                                           ;
; Total HSSI PMA RX Deserializers ; 0                                           ;
; Total HSSI TX PCSs              ; 0                                           ;
; Total HSSI PMA TX Serializers   ; 0                                           ;
; Total PLLs                      ; 0                                           ;
; Total DLLs                      ; 0                                           ;
+---------------------------------+---------------------------------------------+


+---------------------------------------------------------------------------------------------------------------------------+
; Analysis & Synthesis Settings                                                                                             ;
+---------------------------------------------------------------------------------+--------------------+--------------------+
; Option                                                                          ; Setting            ; Default Value      ;
+---------------------------------------------------------------------------------+--------------------+--------------------+
; Device                                                                          ; 5CSEMA5F31C6       ;                    ;
; Top-level entity name                                                           ; part2              ; part2              ;
; Family name                                                                     ; Cyclone V          ; Cyclone V          ;
; Use smart compilation                                                           ; Off                ; Off                ;
; Enable parallel Assembler and TimeQuest Timing Analyzer during compilation      ; On                 ; On                 ;
; Enable compact report table                                                     ; Off                ; Off                ;
; Restructure Multiplexers                                                        ; Auto               ; Auto               ;
; MLAB Add Timing Constraints For Mixed-Port Feed-Through Mode Setting Don't Care ; Off                ; Off                ;
; Create Debugging Nodes for IP Cores                                             ; Off                ; Off                ;
; Preserve fewer node names                                                       ; On                 ; On                 ;
; OpenCore Plus hardware evaluation                                               ; Enable             ; Enable             ;
; Verilog Version                                                                 ; Verilog_2001       ; Verilog_2001       ;
; VHDL Version                                                                    ; VHDL_1993          ; VHDL_1993          ;
; State Machine Processing                                                        ; Auto               ; Auto               ;
; Safe State Machine                                                              ; Off                ; Off                ;
; Extract Verilog State Machines                                                  ; On                 ; On                 ;
; Extract VHDL State Machines                                                     ; On                 ; On                 ;
; Ignore Verilog initial constructs                                               ; Off                ; Off                ;
; Iteration limit for constant Verilog loops                                      ; 5000               ; 5000               ;
; Iteration limit for non-constant Verilog loops                                  ; 250                ; 250                ;
; Add Pass-Through Logic to Inferred RAMs                                         ; On                 ; On                 ;
; Infer RAMs from Raw Logic                                                       ; On                 ; On                 ;
; Parallel Synthesis                                                              ; On                 ; On                 ;
; DSP Block Balancing                                                             ; Auto               ; Auto               ;
; NOT Gate Push-Back                                                              ; On                 ; On                 ;
; Power-Up Don't Care                                                             ; On                 ; On                 ;
; Remove Redundant Logic Cells                                                    ; Off                ; Off                ;
; Remove Duplicate Registers                                                      ; On                 ; On                 ;
; Ignore CARRY Buffers                                                            ; Off                ; Off                ;
; Ignore CASCADE Buffers                                                          ; Off                ; Off                ;
; Ignore GLOBAL Buffers                                                           ; Off                ; Off                ;
; Ignore ROW GLOBAL Buffers                                                       ; Off                ; Off                ;
; Ignore LCELL Buffers                                                            ; Off                ; Off                ;
; Ignore SOFT Buffers                                                             ; On                 ; On                 ;
; Limit AHDL Integers to 32 Bits                                                  ; Off                ; Off                ;
; Optimization Technique                                                          ; Balanced           ; Balanced           ;
; Carry Chain Length                                                              ; 70                 ; 70                 ;
; Auto Carry Chains                                                               ; On                 ; On                 ;
; Auto Open-Drain Pins                                                            ; On                 ; On                 ;
; Perform WYSIWYG Primitive Resynthesis                                           ; Off                ; Off                ;
; Auto ROM Replacement                                                            ; On                 ; On                 ;
; Auto RAM Replacement                                                            ; On                 ; On                 ;
; Auto DSP Block Replacement                                                      ; On                 ; On                 ;
; Auto Shift Register Replacement                                                 ; Auto               ; Auto               ;
; Allow Shift Register Merging across Hierarchies                                 ; Auto               ; Auto               ;
; Auto Clock Enable Replacement                                                   ; On                 ; On                 ;
; Strict RAM Replacement                                                          ; Off                ; Off                ;
; Allow Synchronous Control Signals                                               ; On                 ; On                 ;
; Force Use of Synchronous Clear Signals                                          ; Off                ; Off                ;
; Auto Resource Sharing                                                           ; Off                ; Off                ;
; Allow Any RAM Size For Recognition                                              ; Off                ; Off                ;
; Allow Any ROM Size For Recognition                                              ; Off                ; Off                ;
; Allow Any Shift Register Size For Recognition                                   ; Off                ; Off                ;
; Use LogicLock Constraints during Resource Balancing                             ; On                 ; On                 ;
; Ignore translate_off and synthesis_off directives                               ; Off                ; Off                ;
; Timing-Driven Synthesis                                                         ; On                 ; On                 ;
; Report Parameter Settings                                                       ; On                 ; On                 ;
; Report Source Assignments                                                       ; On                 ; On                 ;
; Report Connectivity Checks                                                      ; On                 ; On                 ;
; Ignore Maximum Fan-Out Assignments                                              ; Off                ; Off                ;
; Synchronization Register Chain Length                                           ; 3                  ; 3                  ;
; PowerPlay Power Optimization During Synthesis                                   ; Normal compilation ; Normal compilation ;
; HDL message level                                                               ; Level2             ; Level2             ;
; Suppress Register Optimization Related Messages                                 ; Off                ; Off                ;
; Number of Removed Registers Reported in Synthesis Report                        ; 5000               ; 5000               ;
; Number of Swept Nodes Reported in Synthesis Report                              ; 5000               ; 5000               ;
; Number of Inverted Registers Reported in Synthesis Report                       ; 100                ; 100                ;
; Clock MUX Protection                                                            ; On                 ; On                 ;
; Auto Gated Clock Conversion                                                     ; Off                ; Off                ;
; Block Design Naming                                                             ; Auto               ; Auto               ;
; SDC constraint protection                                                       ; Off                ; Off                ;
; Synthesis Effort                                                                ; Auto               ; Auto               ;
; Shift Register Replacement - Allow Asynchronous Clear Signal                    ; On                 ; On                 ;
; Pre-Mapping Resynthesis Optimization                                            ; Off                ; Off                ;
; Analysis & Synthesis Message Level                                              ; Medium             ; Medium             ;
; Disable Register Merging Across Hierarchies                                     ; Auto               ; Auto               ;
; Resource Aware Inference For Block RAM                                          ; On                 ; On                 ;
; Automatic Parallel Synthesis                                                    ; On                 ; On                 ;
; Partial Reconfiguration Bitstream ID                                            ; Off                ; Off                ;
+---------------------------------------------------------------------------------+--------------------+--------------------+


+------------------------------------------+
; Parallel Compilation                     ;
+----------------------------+-------------+
; Processors                 ; Number      ;
+----------------------------+-------------+
; Number detected on machine ; 4           ;
; Maximum allowed            ; 4           ;
;                            ;             ;
; Average used               ; 1.00        ;
; Maximum used               ; 4           ;
;                            ;             ;
; Usage by Processor         ; % Time Used ;
;     Processor 1            ; 100.0%      ;
;     Processors 2-4         ;   0.0%      ;
+----------------------------+-------------+


+----------------------------------------------------------------------------------------------------------------------------------------+
; Analysis & Synthesis Source Files Read                                                                                                 ;
+----------------------------------+-----------------+------------------------------+------------------------------------------+---------+
; File Name with User-Entered Path ; Used in Netlist ; File Type                    ; File Name with Absolute Path             ; Library ;
+----------------------------------+-----------------+------------------------------+------------------------------------------+---------+
; part2.v                          ; yes             ; Auto-Found Verilog HDL File  ; /h/u15/c5/00/mathur15/Lab4/Part2/part2.v ;         ;
+----------------------------------+-----------------+------------------------------+------------------------------------------+---------+


+-----------------------------------------------------------+
; Analysis & Synthesis Resource Usage Summary               ;
+---------------------------------------------+-------------+
; Resource                                    ; Usage       ;
+---------------------------------------------+-------------+
; Estimate of Logic utilization (ALMs needed) ; 43          ;
;                                             ;             ;
; Combinational ALUT usage for logic          ; 65          ;
;     -- 7 input functions                    ; 5           ;
;     -- 6 input functions                    ; 16          ;
;     -- 5 input functions                    ; 8           ;
;     -- 4 input functions                    ; 27          ;
;     -- <=3 input functions                  ; 9           ;
;                                             ;             ;
; Dedicated logic registers                   ; 8           ;
;                                             ;             ;
; I/O pins                                    ; 64          ;
;                                             ;             ;
; Total DSP Blocks                            ; 1           ;
;                                             ;             ;
; Maximum fan-out node                        ; SW[1]~input ;
; Maximum fan-out                             ; 28          ;
; Total fan-out                               ; 420         ;
; Average fan-out                             ; 2.08        ;
+---------------------------------------------+-------------+


+------------------------------------------------------------------------------------------------------------------------------------------------------------------------------------------------------------------+
; Analysis & Synthesis Resource Utilization by Entity                                                                                                                                                              ;
+----------------------------+---------------------+---------------------------+-------------------+------------+------+--------------+-----------------------------------------------+-------------+--------------+
; Compilation Hierarchy Node ; Combinational ALUTs ; Dedicated Logic Registers ; Block Memory Bits ; DSP Blocks ; Pins ; Virtual Pins ; Full Hierarchy Name                           ; Entity Name ; Library Name ;
+----------------------------+---------------------+---------------------------+-------------------+------------+------+--------------+-----------------------------------------------+-------------+--------------+
; |part2                     ; 65 (0)              ; 8 (0)                     ; 0                 ; 1          ; 64   ; 0            ; |part2                                        ; part2       ; work         ;
;    |ALU7to1:a1|            ; 19 (13)             ; 0 (0)                     ; 0                 ; 1          ; 0    ; 0            ; |part2|ALU7to1:a1                             ; ALU7to1     ; work         ;
;       |rippleadder:a1|     ; 2 (0)               ; 0 (0)                     ; 0                 ; 0          ; 0    ; 0            ; |part2|ALU7to1:a1|rippleadder:a1              ; rippleadder ; work         ;
;          |fulladder:u2|    ; 1 (1)               ; 0 (0)                     ; 0                 ; 0          ; 0    ; 0            ; |part2|ALU7to1:a1|rippleadder:a1|fulladder:u2 ; fulladder   ; work         ;
;          |fulladder:u3|    ; 1 (1)               ; 0 (0)                     ; 0                 ; 0          ; 0    ; 0            ; |part2|ALU7to1:a1|rippleadder:a1|fulladder:u3 ; fulladder   ; work         ;
;       |rippleadder:a2|     ; 4 (0)               ; 0 (0)                     ; 0                 ; 0          ; 0    ; 0            ; |part2|ALU7to1:a1|rippleadder:a2              ; rippleadder ; work         ;
;          |fulladder:u1|    ; 2 (2)               ; 0 (0)                     ; 0                 ; 0          ; 0    ; 0            ; |part2|ALU7to1:a1|rippleadder:a2|fulladder:u1 ; fulladder   ; work         ;
;          |fulladder:u2|    ; 1 (1)               ; 0 (0)                     ; 0                 ; 0          ; 0    ; 0            ; |part2|ALU7to1:a1|rippleadder:a2|fulladder:u2 ; fulladder   ; work         ;
;          |fulladder:u3|    ; 1 (1)               ; 0 (0)                     ; 0                 ; 0          ; 0    ; 0            ; |part2|ALU7to1:a1|rippleadder:a2|fulladder:u3 ; fulladder   ; work         ;
;    |hexdisplay:h0|         ; 8 (0)               ; 0 (0)                     ; 0                 ; 0          ; 0    ; 0            ; |part2|hexdisplay:h0                          ; hexdisplay  ; work         ;
;       |segment_0:m0|       ; 2 (2)               ; 0 (0)                     ; 0                 ; 0          ; 0    ; 0            ; |part2|hexdisplay:h0|segment_0:m0             ; segment_0   ; work         ;
;       |segment_1:m1|       ; 1 (1)               ; 0 (0)                     ; 0                 ; 0          ; 0    ; 0            ; |part2|hexdisplay:h0|segment_1:m1             ; segment_1   ; work         ;
;       |segment_2:m2|       ; 1 (1)               ; 0 (0)                     ; 0                 ; 0          ; 0    ; 0            ; |part2|hexdisplay:h0|segment_2:m2             ; segment_2   ; work         ;
;       |segment_3:m3|       ; 1 (1)               ; 0 (0)                     ; 0                 ; 0          ; 0    ; 0            ; |part2|hexdisplay:h0|segment_3:m3             ; segment_3   ; work         ;
;       |segment_4:m4|       ; 1 (1)               ; 0 (0)                     ; 0                 ; 0          ; 0    ; 0            ; |part2|hexdisplay:h0|segment_4:m4             ; segment_4   ; work         ;
;       |segment_5:m5|       ; 1 (1)               ; 0 (0)                     ; 0                 ; 0          ; 0    ; 0            ; |part2|hexdisplay:h0|segment_5:m5             ; segment_5   ; work         ;
;       |segment_6:m6|       ; 1 (1)               ; 0 (0)                     ; 0                 ; 0          ; 0    ; 0            ; |part2|hexdisplay:h0|segment_6:m6             ; segment_6   ; work         ;
;    |hexdisplay:h4|         ; 7 (0)               ; 0 (0)                     ; 0                 ; 0          ; 0    ; 0            ; |part2|hexdisplay:h4                          ; hexdisplay  ; work         ;
;       |segment_0:m0|       ; 1 (1)               ; 0 (0)                     ; 0                 ; 0          ; 0    ; 0            ; |part2|hexdisplay:h4|segment_0:m0             ; segment_0   ; work         ;
;       |segment_1:m1|       ; 1 (1)               ; 0 (0)                     ; 0                 ; 0          ; 0    ; 0            ; |part2|hexdisplay:h4|segment_1:m1             ; segment_1   ; work         ;
;       |segment_2:m2|       ; 1 (1)               ; 0 (0)                     ; 0                 ; 0          ; 0    ; 0            ; |part2|hexdisplay:h4|segment_2:m2             ; segment_2   ; work         ;
;       |segment_3:m3|       ; 1 (1)               ; 0 (0)                     ; 0                 ; 0          ; 0    ; 0            ; |part2|hexdisplay:h4|segment_3:m3             ; segment_3   ; work         ;
;       |segment_4:m4|       ; 1 (1)               ; 0 (0)                     ; 0                 ; 0          ; 0    ; 0            ; |part2|hexdisplay:h4|segment_4:m4             ; segment_4   ; work         ;
;       |segment_5:m5|       ; 1 (1)               ; 0 (0)                     ; 0                 ; 0          ; 0    ; 0            ; |part2|hexdisplay:h4|segment_5:m5             ; segment_5   ; work         ;
;       |segment_6:m6|       ; 1 (1)               ; 0 (0)                     ; 0                 ; 0          ; 0    ; 0            ; |part2|hexdisplay:h4|segment_6:m6             ; segment_6   ; work         ;
;    |hexdisplay:h5|         ; 7 (0)               ; 0 (0)                     ; 0                 ; 0          ; 0    ; 0            ; |part2|hexdisplay:h5                          ; hexdisplay  ; work         ;
;       |segment_0:m0|       ; 1 (1)               ; 0 (0)                     ; 0                 ; 0          ; 0    ; 0            ; |part2|hexdisplay:h5|segment_0:m0             ; segment_0   ; work         ;
;       |segment_1:m1|       ; 1 (1)               ; 0 (0)                     ; 0                 ; 0          ; 0    ; 0            ; |part2|hexdisplay:h5|segment_1:m1             ; segment_1   ; work         ;
;       |segment_2:m2|       ; 1 (1)               ; 0 (0)                     ; 0                 ; 0          ; 0    ; 0            ; |part2|hexdisplay:h5|segment_2:m2             ; segment_2   ; work         ;
;       |segment_3:m3|       ; 1 (1)               ; 0 (0)                     ; 0                 ; 0          ; 0    ; 0            ; |part2|hexdisplay:h5|segment_3:m3             ; segment_3   ; work         ;
;       |segment_4:m4|       ; 1 (1)               ; 0 (0)                     ; 0                 ; 0          ; 0    ; 0            ; |part2|hexdisplay:h5|segment_4:m4             ; segment_4   ; work         ;
;       |segment_5:m5|       ; 1 (1)               ; 0 (0)                     ; 0                 ; 0          ; 0    ; 0            ; |part2|hexdisplay:h5|segment_5:m5             ; segment_5   ; work         ;
;       |segment_6:m6|       ; 1 (1)               ; 0 (0)                     ; 0                 ; 0          ; 0    ; 0            ; |part2|hexdisplay:h5|segment_6:m6             ; segment_6   ; work         ;
;    |register:r1|           ; 24 (24)             ; 8 (8)                     ; 0                 ; 0          ; 0    ; 0            ; |part2|register:r1                            ; register    ; work         ;
+----------------------------+---------------------+---------------------------+-------------------+------------+------+--------------+-----------------------------------------------+-------------+--------------+
Note: For table entries with two numbers listed, the numbers in parentheses indicate the number of resources of the given type used by the specific entity alone. The numbers listed outside of parentheses indicate the total resources of the given type used by the specific entity and all of its sub-entities in the hierarchy.


+-----------------------------------------------+
; Analysis & Synthesis DSP Block Usage Summary  ;
+---------------------------------+-------------+
; Statistic                       ; Number Used ;
+---------------------------------+-------------+
; Independent 9x9                 ; 1           ;
; Total number of DSP blocks      ; 1           ;
;                                 ;             ;
; Fixed Point Unsigned Multiplier ; 1           ;
+---------------------------------+-------------+


+------------------------------------------------------+
; General Register Statistics                          ;
+----------------------------------------------+-------+
; Statistic                                    ; Value ;
+----------------------------------------------+-------+
; Total registers                              ; 8     ;
; Number of registers using Synchronous Clear  ; 0     ;
; Number of registers using Synchronous Load   ; 0     ;
; Number of registers using Asynchronous Clear ; 0     ;
; Number of registers using Asynchronous Load  ; 0     ;
; Number of registers using Clock Enable       ; 0     ;
; Number of registers using Preset             ; 0     ;
+----------------------------------------------+-------+


+-------------------------------------------+
; Port Connectivity Checks: "hexdisplay:h3" ;
+------+-------+----------+-----------------+
; Port ; Type  ; Severity ; Details         ;
+------+-------+----------+-----------------+
; D    ; Input ; Info     ; Stuck at GND    ;
; C    ; Input ; Info     ; Stuck at GND    ;
; B    ; Input ; Info     ; Stuck at GND    ;
; A    ; Input ; Info     ; Stuck at GND    ;
+------+-------+----------+-----------------+


+-------------------------------------------+
; Port Connectivity Checks: "hexdisplay:h2" ;
+------+-------+----------+-----------------+
; Port ; Type  ; Severity ; Details         ;
+------+-------+----------+-----------------+
; D    ; Input ; Info     ; Stuck at GND    ;
; C    ; Input ; Info     ; Stuck at GND    ;
; B    ; Input ; Info     ; Stuck at GND    ;
; A    ; Input ; Info     ; Stuck at GND    ;
+------+-------+----------+-----------------+


+-------------------------------------------+
; Port Connectivity Checks: "hexdisplay:h1" ;
+------+-------+----------+-----------------+
; Port ; Type  ; Severity ; Details         ;
+------+-------+----------+-----------------+
; D    ; Input ; Info     ; Stuck at GND    ;
; C    ; Input ; Info     ; Stuck at GND    ;
; B    ; Input ; Info     ; Stuck at GND    ;
; A    ; Input ; Info     ; Stuck at GND    ;
+------+-------+----------+-----------------+


+-------------------------------------------------------+
; Port Connectivity Checks: "ALU7to1:a1|rippleadder:a2" ;
+------+-------+----------+-----------------------------+
; Port ; Type  ; Severity ; Details                     ;
+------+-------+----------+-----------------------------+
; cin  ; Input ; Info     ; Stuck at GND                ;
+------+-------+----------+-----------------------------+


+-------------------------------------------------------+
; Port Connectivity Checks: "ALU7to1:a1|rippleadder:a1" ;
+---------+-------+----------+--------------------------+
; Port    ; Type  ; Severity ; Details                  ;
+---------+-------+----------+--------------------------+
; B[3..1] ; Input ; Info     ; Stuck at GND             ;
; B[0]    ; Input ; Info     ; Stuck at VCC             ;
; cin     ; Input ; Info     ; Stuck at GND             ;
+---------+-------+----------+--------------------------+


+-----------------------------------------------------+
; Post-Synthesis Netlist Statistics for Top Partition ;
+-----------------------+-----------------------------+
; Type                  ; Count                       ;
+-----------------------+-----------------------------+
; arriav_ff             ; 8                           ;
;     plain             ; 8                           ;
; arriav_lcell_comb     ; 67                          ;
;     arith             ; 4                           ;
;         2 data inputs ; 4                           ;
;     extend            ; 5                           ;
;         7 data inputs ; 5                           ;
;     normal            ; 58                          ;
;         0 data inputs ; 2                           ;
;         2 data inputs ; 2                           ;
;         3 data inputs ; 3                           ;
;         4 data inputs ; 27                          ;
;         5 data inputs ; 8                           ;
;         6 data inputs ; 16                          ;
; arriav_mac            ; 1                           ;
; boundary_port         ; 64                          ;
;                       ;                             ;
; Max LUT depth         ; 5.00                        ;
; Average LUT depth     ; 2.50                        ;
+-----------------------+-----------------------------+


+-------------------------------+
; Elapsed Time Per Partition    ;
+----------------+--------------+
; Partition Name ; Elapsed Time ;
+----------------+--------------+
; Top            ; 00:00:01     ;
+----------------+--------------+


+-------------------------------+
; Analysis & Synthesis Messages ;
+-------------------------------+
Info: *******************************************************************
Info: Running Quartus Prime Analysis & Synthesis
    Info: Version 17.0.0 Build 595 04/25/2017 SJ Lite Edition
    Info: Processing started: Fri Jun  8 22:53:33 2018
Info: Command: quartus_map --read_settings_files=on --write_settings_files=off Part2 -c part2
Warning (18236): Number of processors has not been specified which may cause overloading on shared machines.  Set the global assignment NUM_PARALLEL_PROCESSORS in your QSF to an appropriate value for best performance.
Info (20030): Parallel compilation is enabled and will use 4 of the 4 processors detected
Warning (12125): Using design file part2.v, which is not specified as a design file for the current project, but contains definitions for 13 design units and 13 entities in project
    Info (12023): Found entity 1: part2 File: /h/u15/c5/00/mathur15/Lab4/Part2/part2.v Line: 1
    Info (12023): Found entity 2: ALU7to1 File: /h/u15/c5/00/mathur15/Lab4/Part2/part2.v Line: 102
    Info (12023): Found entity 3: rippleadder File: /h/u15/c5/00/mathur15/Lab4/Part2/part2.v Line: 156
    Info (12023): Found entity 4: fulladder File: /h/u15/c5/00/mathur15/Lab4/Part2/part2.v Line: 186
    Info (12023): Found entity 5: register File: /h/u15/c5/00/mathur15/Lab4/Part2/part2.v Line: 195
    Info (12023): Found entity 6: hexdisplay File: /h/u15/c5/00/mathur15/Lab4/Part2/part2.v Line: 210
    Info (12023): Found entity 7: segment_0 File: /h/u15/c5/00/mathur15/Lab4/Part2/part2.v Line: 264
    Info (12023): Found entity 8: segment_1 File: /h/u15/c5/00/mathur15/Lab4/Part2/part2.v Line: 276
    Info (12023): Found entity 9: segment_2 File: /h/u15/c5/00/mathur15/Lab4/Part2/part2.v Line: 288
    Info (12023): Found entity 10: segment_3 File: /h/u15/c5/00/mathur15/Lab4/Part2/part2.v Line: 300
    Info (12023): Found entity 11: segment_4 File: /h/u15/c5/00/mathur15/Lab4/Part2/part2.v Line: 312
    Info (12023): Found entity 12: segment_5 File: /h/u15/c5/00/mathur15/Lab4/Part2/part2.v Line: 324
    Info (12023): Found entity 13: segment_6 File: /h/u15/c5/00/mathur15/Lab4/Part2/part2.v Line: 336
Info (12127): Elaborating entity "part2" for the top level hierarchy
Warning (10034): Output port "LEDR[9..8]" at part2.v(4) has no driver File: /h/u15/c5/00/mathur15/Lab4/Part2/part2.v Line: 4
Info (12128): Elaborating entity "ALU7to1" for hierarchy "ALU7to1:a1" File: /h/u15/c5/00/mathur15/Lab4/Part2/part2.v Line: 12
Info (12128): Elaborating entity "rippleadder" for hierarchy "ALU7to1:a1|rippleadder:a1" File: /h/u15/c5/00/mathur15/Lab4/Part2/part2.v Line: 119
Info (12128): Elaborating entity "fulladder" for hierarchy "ALU7to1:a1|rippleadder:a1|fulladder:u0" File: /h/u15/c5/00/mathur15/Lab4/Part2/part2.v Line: 168
Info (12128): Elaborating entity "register" for hierarchy "register:r1" File: /h/u15/c5/00/mathur15/Lab4/Part2/part2.v Line: 17
Info (12128): Elaborating entity "hexdisplay" for hierarchy "hexdisplay:h0" File: /h/u15/c5/00/mathur15/Lab4/Part2/part2.v Line: 33
Info (12128): Elaborating entity "segment_0" for hierarchy "hexdisplay:h0|segment_0:m0" File: /h/u15/c5/00/mathur15/Lab4/Part2/part2.v Line: 219
Info (12128): Elaborating entity "segment_1" for hierarchy "hexdisplay:h0|segment_1:m1" File: /h/u15/c5/00/mathur15/Lab4/Part2/part2.v Line: 226
Info (12128): Elaborating entity "segment_2" for hierarchy "hexdisplay:h0|segment_2:m2" File: /h/u15/c5/00/mathur15/Lab4/Part2/part2.v Line: 233
Info (12128): Elaborating entity "segment_3" for hierarchy "hexdisplay:h0|segment_3:m3" File: /h/u15/c5/00/mathur15/Lab4/Part2/part2.v Line: 240
Info (12128): Elaborating entity "segment_4" for hierarchy "hexdisplay:h0|segment_4:m4" File: /h/u15/c5/00/mathur15/Lab4/Part2/part2.v Line: 247
Info (12128): Elaborating entity "segment_5" for hierarchy "hexdisplay:h0|segment_5:m5" File: /h/u15/c5/00/mathur15/Lab4/Part2/part2.v Line: 254
Info (12128): Elaborating entity "segment_6" for hierarchy "hexdisplay:h0|segment_6:m6" File: /h/u15/c5/00/mathur15/Lab4/Part2/part2.v Line: 261
Warning (13024): Output pins are stuck at VCC or GND
    Warning (13410): Pin "LEDR[8]" is stuck at GND File: /h/u15/c5/00/mathur15/Lab4/Part2/part2.v Line: 4
    Warning (13410): Pin "LEDR[9]" is stuck at GND File: /h/u15/c5/00/mathur15/Lab4/Part2/part2.v Line: 4
    Warning (13410): Pin "HEX1[0]" is stuck at GND File: /h/u15/c5/00/mathur15/Lab4/Part2/part2.v Line: 5
    Warning (13410): Pin "HEX1[1]" is stuck at GND File: /h/u15/c5/00/mathur15/Lab4/Part2/part2.v Line: 5
    Warning (13410): Pin "HEX1[2]" is stuck at GND File: /h/u15/c5/00/mathur15/Lab4/Part2/part2.v Line: 5
    Warning (13410): Pin "HEX1[3]" is stuck at GND File: /h/u15/c5/00/mathur15/Lab4/Part2/part2.v Line: 5
    Warning (13410): Pin "HEX1[4]" is stuck at GND File: /h/u15/c5/00/mathur15/Lab4/Part2/part2.v Line: 5
    Warning (13410): Pin "HEX1[5]" is stuck at GND File: /h/u15/c5/00/mathur15/Lab4/Part2/part2.v Line: 5
    Warning (13410): Pin "HEX1[6]" is stuck at VCC File: /h/u15/c5/00/mathur15/Lab4/Part2/part2.v Line: 5
    Warning (13410): Pin "HEX2[0]" is stuck at GND File: /h/u15/c5/00/mathur15/Lab4/Part2/part2.v Line: 5
    Warning (13410): Pin "HEX2[1]" is stuck at GND File: /h/u15/c5/00/mathur15/Lab4/Part2/part2.v Line: 5
    Warning (13410): Pin "HEX2[2]" is stuck at GND File: /h/u15/c5/00/mathur15/Lab4/Part2/part2.v Line: 5
    Warning (13410): Pin "HEX2[3]" is stuck at GND File: /h/u15/c5/00/mathur15/Lab4/Part2/part2.v Line: 5
    Warning (13410): Pin "HEX2[4]" is stuck at GND File: /h/u15/c5/00/mathur15/Lab4/Part2/part2.v Line: 5
    Warning (13410): Pin "HEX2[5]" is stuck at GND File: /h/u15/c5/00/mathur15/Lab4/Part2/part2.v Line: 5
    Warning (13410): Pin "HEX2[6]" is stuck at VCC File: /h/u15/c5/00/mathur15/Lab4/Part2/part2.v Line: 5
    Warning (13410): Pin "HEX3[0]" is stuck at GND File: /h/u15/c5/00/mathur15/Lab4/Part2/part2.v Line: 5
    Warning (13410): Pin "HEX3[1]" is stuck at GND File: /h/u15/c5/00/mathur15/Lab4/Part2/part2.v Line: 5
    Warning (13410): Pin "HEX3[2]" is stuck at GND File: /h/u15/c5/00/mathur15/Lab4/Part2/part2.v Line: 5
    Warning (13410): Pin "HEX3[3]" is stuck at GND File: /h/u15/c5/00/mathur15/Lab4/Part2/part2.v Line: 5
    Warning (13410): Pin "HEX3[4]" is stuck at GND File: /h/u15/c5/00/mathur15/Lab4/Part2/part2.v Line: 5
    Warning (13410): Pin "HEX3[5]" is stuck at GND File: /h/u15/c5/00/mathur15/Lab4/Part2/part2.v Line: 5
    Warning (13410): Pin "HEX3[6]" is stuck at VCC File: /h/u15/c5/00/mathur15/Lab4/Part2/part2.v Line: 5
Info (286030): Timing-Driven Synthesis is running
Info (16010): Generating hard_block partition "hard_block:auto_generated_inst"
    Info (16011): Adding 0 node(s), including 0 DDIO, 0 PLL, 0 transceiver and 0 LCELL
Warning (21074): Design contains 3 input pin(s) that do not drive logic
    Warning (15610): No output dependent on input pin "SW[4]" File: /h/u15/c5/00/mathur15/Lab4/Part2/part2.v Line: 2
    Warning (15610): No output dependent on input pin "SW[8]" File: /h/u15/c5/00/mathur15/Lab4/Part2/part2.v Line: 2
    Warning (15610): No output dependent on input pin "KEY[1]" File: /h/u15/c5/00/mathur15/Lab4/Part2/part2.v Line: 3
Info (21057): Implemented 130 device resources after synthesis - the final resource count might be different
    Info (21058): Implemented 12 input pins
    Info (21059): Implemented 52 output pins
    Info (21061): Implemented 65 logic cells
    Info (21062): Implemented 1 DSP elements
Info: Quartus Prime Analysis & Synthesis was successful. 0 errors, 31 warnings
    Info: Peak virtual memory: 1045 megabytes
    Info: Processing ended: Fri Jun  8 22:53:48 2018
    Info: Elapsed time: 00:00:15
    Info: Total CPU time (on all processors): 00:00:20


